running egg_info
creating ../../build/car_description/car_description.egg-info
writing ../../build/car_description/car_description.egg-info/PKG-INFO
writing dependency_links to ../../build/car_description/car_description.egg-info/dependency_links.txt
writing entry points to ../../build/car_description/car_description.egg-info/entry_points.txt
writing requirements to ../../build/car_description/car_description.egg-info/requires.txt
writing top-level names to ../../build/car_description/car_description.egg-info/top_level.txt
writing manifest file '../../build/car_description/car_description.egg-info/SOURCES.txt'
reading manifest file '../../build/car_description/car_description.egg-info/SOURCES.txt'
writing manifest file '../../build/car_description/car_description.egg-info/SOURCES.txt'
running build
running install
running install_data
creating /home/kylewong/Senior_Design/Vehicle/ros2_ws/install/car_description/share/ament_index
creating /home/kylewong/Senior_Design/Vehicle/ros2_ws/install/car_description/share/ament_index/resource_index
creating /home/kylewong/Senior_Design/Vehicle/ros2_ws/install/car_description/share/ament_index/resource_index/packages
copying resource/car_description -> /home/kylewong/Senior_Design/Vehicle/ros2_ws/install/car_description/share/ament_index/resource_index/packages
copying package.xml -> /home/kylewong/Senior_Design/Vehicle/ros2_ws/install/car_description/share/car_description
creating /home/kylewong/Senior_Design/Vehicle/ros2_ws/install/car_description/share/car_description/launch
copying launch/spawn_car.launch.py -> /home/kylewong/Senior_Design/Vehicle/ros2_ws/install/car_description/share/car_description/launch
creating /home/kylewong/Senior_Design/Vehicle/ros2_ws/install/car_description/share/car_description/models
copying models/car_chassis.sdf -> /home/kylewong/Senior_Design/Vehicle/ros2_ws/install/car_description/share/car_description/models
running install_egg_info
Copying ../../build/car_description/car_description.egg-info to /home/kylewong/Senior_Design/Vehicle/ros2_ws/install/car_description/lib/python3.10/site-packages/car_description-0.0.0-py3.10.egg-info
running install_scripts
writing list of installed files to '/home/kylewong/Senior_Design/Vehicle/ros2_ws/build/car_description/install.log'
