[0.328s] Invoking command in '/home/kylewong/Senior_Design/Vehicle/ros2_ws/src/car_description': PYTHONPATH=/home/kylewong/Senior_Design/Vehicle/ros2_ws/build/car_description/prefix_override:/usr/lib/python3/dist-packages/colcon_core/task/python/colcon_distutils_commands:/home/kylewong/Senior_Design/Vehicle/ros2_ws/install/car_description/lib/python3.10/site-packages:${PYTHONPATH} /usr/bin/python3 -W ignore:setup.py install is deprecated -W ignore:easy_install command is deprecated setup.py egg_info --egg-base ../../build/car_description build --build-base /home/kylewong/Senior_Design/Vehicle/ros2_ws/build/car_description/build install --record /home/kylewong/Senior_Design/Vehicle/ros2_ws/build/car_description/install.log --single-version-externally-managed install_data
[0.442s] running egg_info
[0.442s] creating ../../build/car_description/car_description.egg-info
[0.443s] writing ../../build/car_description/car_description.egg-info/PKG-INFO
[0.443s] writing dependency_links to ../../build/car_description/car_description.egg-info/dependency_links.txt
[0.443s] writing entry points to ../../build/car_description/car_description.egg-info/entry_points.txt
[0.443s] writing requirements to ../../build/car_description/car_description.egg-info/requires.txt
[0.443s] writing top-level names to ../../build/car_description/car_description.egg-info/top_level.txt
[0.444s] writing manifest file '../../build/car_description/car_description.egg-info/SOURCES.txt'
[0.444s] reading manifest file '../../build/car_description/car_description.egg-info/SOURCES.txt'
[0.444s] writing manifest file '../../build/car_description/car_description.egg-info/SOURCES.txt'
[0.444s] running build
[0.444s] running install
[0.444s] running install_data
[0.444s] creating /home/kylewong/Senior_Design/Vehicle/ros2_ws/install/car_description/share/ament_index
[0.445s] creating /home/kylewong/Senior_Design/Vehicle/ros2_ws/install/car_description/share/ament_index/resource_index
[0.445s] creating /home/kylewong/Senior_Design/Vehicle/ros2_ws/install/car_description/share/ament_index/resource_index/packages
[0.445s] copying resource/car_description -> /home/kylewong/Senior_Design/Vehicle/ros2_ws/install/car_description/share/ament_index/resource_index/packages
[0.445s] copying package.xml -> /home/kylewong/Senior_Design/Vehicle/ros2_ws/install/car_description/share/car_description
[0.446s] creating /home/kylewong/Senior_Design/Vehicle/ros2_ws/install/car_description/share/car_description/launch
[0.446s] copying launch/spawn_car.launch.py -> /home/kylewong/Senior_Design/Vehicle/ros2_ws/install/car_description/share/car_description/launch
[0.446s] creating /home/kylewong/Senior_Design/Vehicle/ros2_ws/install/car_description/share/car_description/models
[0.446s] copying models/car_chassis.sdf -> /home/kylewong/Senior_Design/Vehicle/ros2_ws/install/car_description/share/car_description/models
[0.446s] running install_egg_info
[0.447s] Copying ../../build/car_description/car_description.egg-info to /home/kylewong/Senior_Design/Vehicle/ros2_ws/install/car_description/lib/python3.10/site-packages/car_description-0.0.0-py3.10.egg-info
[0.448s] running install_scripts
[0.460s] writing list of installed files to '/home/kylewong/Senior_Design/Vehicle/ros2_ws/build/car_description/install.log'
[0.472s] Invoked command in '/home/kylewong/Senior_Design/Vehicle/ros2_ws/src/car_description' returned '0': PYTHONPATH=/home/kylewong/Senior_Design/Vehicle/ros2_ws/build/car_description/prefix_override:/usr/lib/python3/dist-packages/colcon_core/task/python/colcon_distutils_commands:/home/kylewong/Senior_Design/Vehicle/ros2_ws/install/car_description/lib/python3.10/site-packages:${PYTHONPATH} /usr/bin/python3 -W ignore:setup.py install is deprecated -W ignore:easy_install command is deprecated setup.py egg_info --egg-base ../../build/car_description build --build-base /home/kylewong/Senior_Design/Vehicle/ros2_ws/build/car_description/build install --record /home/kylewong/Senior_Design/Vehicle/ros2_ws/build/car_description/install.log --single-version-externally-managed install_data
